<?xml version="1.0" encoding="UTF-8"?>
<testng-results ignored="0" total="1" passed="0" failed="1" skipped="0">
  <reporter-output>
  </reporter-output>
  <suite started-at="2025-09-19T16:58:57 IST" name="Default suite" finished-at="2025-09-19T16:59:10 IST" duration-ms="12747">
    <groups>
    </groups>
    <test started-at="2025-09-19T16:58:57 IST" name="Default test" finished-at="2025-09-19T16:59:10 IST" duration-ms="12747">
      <class name="com.wms.testscripts.InboundTestScript">
        <test-method is-config="true" signature="startReport()[pri:0, instance:[InboundTestScript passed=0 failed=0 skipped=0]]" started-at="2025-09-19T16:58:57 IST" name="startReport" finished-at="2025-09-19T16:58:57 IST" duration-ms="130" status="PASS">
          <reporter-output>
          </reporter-output>
        </test-method> <!-- startReport -->
        <test-method is-config="true" signature="init()[pri:0, instance:[InboundTestScript passed=0 failed=0 skipped=0]]" started-at="2025-09-19T16:58:57 IST" name="init" finished-at="2025-09-19T16:59:10 IST" duration-ms="12682" status="PASS">
          <reporter-output>
          </reporter-output>
        </test-method> <!-- init -->
        <test-method signature="inboundScreenTest()[pri:0, instance:[InboundTestScript passed=0 failed=0 skipped=0]]" started-at="2025-09-19T16:59:10 IST" name="inboundScreenTest" description="WMS Inbound Screen" finished-at="2025-09-19T16:59:10 IST" duration-ms="19" status="FAIL">
          <exception class="java.lang.NullPointerException">
            <message>
              <![CDATA[Cannot invoke "java.util.List.iterator()" because "rowDataList" is null]]>
            </message>
            <full-stacktrace>
              <![CDATA[java.lang.NullPointerException: Cannot invoke "java.util.List.iterator()" because "rowDataList" is null
at com.wms.services.InboundServices.enterRowData(InboundServices.java:237)
at com.wms.testscripts.InboundTestScript.inboundScreenTest(InboundTestScript.java:36)
at java.base/jdk.internal.reflect.DirectMethodHandleAccessor.invoke(DirectMethodHandleAccessor.java:103)
at java.base/java.lang.reflect.Method.invoke(Method.java:580)
at org.testng.internal.invokers.MethodInvocationHelper.invokeMethod(MethodInvocationHelper.java:141)
at org.testng.internal.invokers.TestInvoker.invokeMethod(TestInvoker.java:687)
at org.testng.internal.invokers.TestInvoker.invokeTestMethod(TestInvoker.java:230)
at org.testng.internal.invokers.MethodRunner.runInSequence(MethodRunner.java:63)
at org.testng.internal.invokers.TestInvoker$MethodInvocationAgent.invoke(TestInvoker.java:995)
at org.testng.internal.invokers.TestInvoker.invokeTestMethods(TestInvoker.java:203)
at org.testng.internal.invokers.TestMethodWorker.invokeTestMethods(TestMethodWorker.java:154)
at org.testng.internal.invokers.TestMethodWorker.run(TestMethodWorker.java:134)
at java.base/java.util.ArrayList.forEach(ArrayList.java:1596)
at org.testng.TestRunner.privateRun(TestRunner.java:741)
at org.testng.TestRunner.run(TestRunner.java:616)
at org.testng.SuiteRunner.runTest(SuiteRunner.java:421)
at org.testng.SuiteRunner.runSequentially(SuiteRunner.java:413)
at org.testng.SuiteRunner.privateRun(SuiteRunner.java:373)
at org.testng.SuiteRunner.run(SuiteRunner.java:312)
at org.testng.SuiteRunnerWorker.runSuite(SuiteRunnerWorker.java:52)
at org.testng.SuiteRunnerWorker.run(SuiteRunnerWorker.java:95)
at org.testng.TestNG.runSuitesSequentially(TestNG.java:1274)
at org.testng.TestNG.runSuitesLocally(TestNG.java:1208)
at org.testng.TestNG.runSuites(TestNG.java:1112)
at org.testng.TestNG.run(TestNG.java:1079)
at org.testng.remote.AbstractRemoteTestNG.run(AbstractRemoteTestNG.java:115)
at org.testng.remote.RemoteTestNG.initAndRun(RemoteTestNG.java:293)
at org.testng.remote.RemoteTestNG.main(RemoteTestNG.java:91)
]]>
            </full-stacktrace>
          </exception> <!-- java.lang.NullPointerException -->
          <reporter-output>
          </reporter-output>
        </test-method> <!-- inboundScreenTest -->
        <test-method is-config="true" signature="getResult(org.testng.ITestResult)[pri:0, instance:[InboundTestScript passed=0 failed=0 skipped=0]]" started-at="2025-09-19T16:59:10 IST" name="getResult" finished-at="2025-09-19T16:59:10 IST" duration-ms="9" status="PASS">
          <params>
            <param index="0">
              <value>
                <![CDATA[[TestResult name=inboundScreenTest on [InboundTestScript passed=0 failed=0 skipped=0] status=FAILURE method=InboundTestScript.inboundScreenTest()[pri:0, instance:[InboundTestScript passed=0 failed=0 skipped=0]] output={null}]]]>
              </value>
            </param>
          </params>
          <reporter-output>
          </reporter-output>
        </test-method> <!-- getResult -->
        <test-method is-config="true" signature="endReport()[pri:0, instance:[InboundTestScript passed=0 failed=0 skipped=0]]" started-at="2025-09-19T16:59:10 IST" name="endReport" finished-at="2025-09-19T16:59:10 IST" duration-ms="356" status="PASS">
          <reporter-output>
          </reporter-output>
        </test-method> <!-- endReport -->
      </class> <!-- com.wms.testscripts.InboundTestScript -->
    </test> <!-- Default test -->
  </suite> <!-- Default suite -->
</testng-results>
